{"total": {"lines":{"total":1221,"covered":939,"skipped":0,"pct":76.9},"statements":{"total":1221,"covered":939,"skipped":0,"pct":76.9},"functions":{"total":28,"covered":16,"skipped":0,"pct":57.14},"branches":{"total":110,"covered":75,"skipped":0,"pct":68.18},"branchesTrue":{"total":0,"covered":0,"skipped":0,"pct":100}}
,"/Users/arilehavi/hybrid-slide-canvas/src/App.tsx": {"lines":{"total":62,"covered":57,"skipped":0,"pct":91.93},"functions":{"total":3,"covered":1,"skipped":0,"pct":33.33},"statements":{"total":62,"covered":57,"skipped":0,"pct":91.93},"branches":{"total":4,"covered":2,"skipped":0,"pct":50}}
,"/Users/arilehavi/hybrid-slide-canvas/src/main.tsx": {"lines":{"total":18,"covered":0,"skipped":0,"pct":0},"functions":{"total":1,"covered":0,"skipped":0,"pct":0},"statements":{"total":18,"covered":0,"skipped":0,"pct":0},"branches":{"total":1,"covered":0,"skipped":0,"pct":0}}
,"/Users/arilehavi/hybrid-slide-canvas/src/__mocks__/nanoid.ts": {"lines":{"total":6,"covered":0,"skipped":0,"pct":0},"functions":{"total":1,"covered":0,"skipped":0,"pct":0},"statements":{"total":6,"covered":0,"skipped":0,"pct":0},"branches":{"total":1,"covered":0,"skipped":0,"pct":0}}
,"/Users/arilehavi/hybrid-slide-canvas/src/components/CanvasSlide.tsx": {"lines":{"total":25,"covered":0,"skipped":0,"pct":0},"functions":{"total":1,"covered":0,"skipped":0,"pct":0},"statements":{"total":25,"covered":0,"skipped":0,"pct":0},"branches":{"total":1,"covered":0,"skipped":0,"pct":0}}
,"/Users/arilehavi/hybrid-slide-canvas/src/components/ConversationProvider.tsx": {"lines":{"total":367,"covered":330,"skipped":0,"pct":89.91},"functions":{"total":1,"covered":1,"skipped":0,"pct":100},"statements":{"total":367,"covered":330,"skipped":0,"pct":89.91},"branches":{"total":37,"covered":27,"skipped":0,"pct":72.97}}
,"/Users/arilehavi/hybrid-slide-canvas/src/components/ErrorBoundary.tsx": {"lines":{"total":29,"covered":0,"skipped":0,"pct":0},"functions":{"total":1,"covered":0,"skipped":0,"pct":0},"statements":{"total":29,"covered":0,"skipped":0,"pct":0},"branches":{"total":1,"covered":0,"skipped":0,"pct":0}}
,"/Users/arilehavi/hybrid-slide-canvas/src/components/LibraryPanel.tsx": {"lines":{"total":27,"covered":0,"skipped":0,"pct":0},"functions":{"total":1,"covered":0,"skipped":0,"pct":0},"statements":{"total":27,"covered":0,"skipped":0,"pct":0},"branches":{"total":1,"covered":0,"skipped":0,"pct":0}}
,"/Users/arilehavi/hybrid-slide-canvas/src/components/Chat/ChatPanel.tsx": {"lines":{"total":114,"covered":114,"skipped":0,"pct":100},"functions":{"total":4,"covered":3,"skipped":0,"pct":75},"statements":{"total":114,"covered":114,"skipped":0,"pct":100},"branches":{"total":16,"covered":14,"skipped":0,"pct":87.5}}
,"/Users/arilehavi/hybrid-slide-canvas/src/components/Chat/aiActions.ts": {"lines":{"total":53,"covered":53,"skipped":0,"pct":100},"functions":{"total":0,"covered":0,"skipped":0,"pct":100},"statements":{"total":53,"covered":53,"skipped":0,"pct":100},"branches":{"total":0,"covered":0,"skipped":0,"pct":100}}
,"/Users/arilehavi/hybrid-slide-canvas/src/context/ConversationContext.ts": {"lines":{"total":75,"covered":75,"skipped":0,"pct":100},"functions":{"total":0,"covered":0,"skipped":0,"pct":100},"statements":{"total":75,"covered":75,"skipped":0,"pct":100},"branches":{"total":0,"covered":0,"skipped":0,"pct":100}}
,"/Users/arilehavi/hybrid-slide-canvas/src/hooks/useConversationContext.ts": {"lines":{"total":22,"covered":20,"skipped":0,"pct":90.9},"functions":{"total":1,"covered":1,"skipped":0,"pct":100},"statements":{"total":22,"covered":20,"skipped":0,"pct":90.9},"branches":{"total":2,"covered":1,"skipped":0,"pct":50}}
,"/Users/arilehavi/hybrid-slide-canvas/src/lib/openaiClient.ts": {"lines":{"total":16,"covered":0,"skipped":0,"pct":0},"functions":{"total":1,"covered":0,"skipped":0,"pct":0},"statements":{"total":16,"covered":0,"skipped":0,"pct":0},"branches":{"total":1,"covered":0,"skipped":0,"pct":0}}
,"/Users/arilehavi/hybrid-slide-canvas/src/lib/theme.ts": {"lines":{"total":39,"covered":0,"skipped":0,"pct":0},"functions":{"total":1,"covered":0,"skipped":0,"pct":0},"statements":{"total":39,"covered":0,"skipped":0,"pct":0},"branches":{"total":1,"covered":0,"skipped":0,"pct":0}}
,"/Users/arilehavi/hybrid-slide-canvas/src/lib/tldrawHelpers.ts": {"lines":{"total":105,"covered":81,"skipped":0,"pct":77.14},"functions":{"total":1,"covered":1,"skipped":0,"pct":100},"statements":{"total":105,"covered":81,"skipped":0,"pct":77.14},"branches":{"total":13,"covered":10,"skipped":0,"pct":76.92}}
,"/Users/arilehavi/hybrid-slide-canvas/src/lib/__mocks__/openaiClient.ts": {"lines":{"total":15,"covered":15,"skipped":0,"pct":100},"functions":{"total":0,"covered":0,"skipped":0,"pct":100},"statements":{"total":15,"covered":15,"skipped":0,"pct":100},"branches":{"total":0,"covered":0,"skipped":0,"pct":100}}
,"/Users/arilehavi/hybrid-slide-canvas/src/lib/shapeLibraries/basic.ts": {"lines":{"total":38,"covered":0,"skipped":0,"pct":0},"functions":{"total":1,"covered":0,"skipped":0,"pct":0},"statements":{"total":38,"covered":0,"skipped":0,"pct":0},"branches":{"total":1,"covered":0,"skipped":0,"pct":0}}
,"/Users/arilehavi/hybrid-slide-canvas/src/lib/utils/logging.ts": {"lines":{"total":22,"covered":18,"skipped":0,"pct":81.81},"functions":{"total":4,"covered":3,"skipped":0,"pct":75},"statements":{"total":22,"covered":18,"skipped":0,"pct":81.81},"branches":{"total":5,"covered":3,"skipped":0,"pct":60}}
,"/Users/arilehavi/hybrid-slide-canvas/src/state/slidesStore.ts": {"lines":{"total":188,"covered":176,"skipped":0,"pct":93.61},"functions":{"total":6,"covered":6,"skipped":0,"pct":100},"statements":{"total":188,"covered":176,"skipped":0,"pct":93.61},"branches":{"total":25,"covered":18,"skipped":0,"pct":72}}
}
