TN:
SF:src/App.tsx
FN:13,App
FN:45,onClick
FN:55,onError
FNF:3
FNH:1
FNDA:1,App
FNDA:0,onClick
FNDA:0,onError
DA:1,1
DA:2,1
DA:3,1
DA:4,1
DA:5,1
DA:6,1
DA:7,1
DA:8,1
DA:9,1
DA:10,1
DA:11,1
DA:12,1
DA:13,1
DA:14,1
DA:15,1
DA:16,1
DA:17,1
DA:18,1
DA:19,1
DA:20,1
DA:21,1
DA:22,1
DA:23,1
DA:24,1
DA:25,1
DA:26,1
DA:27,1
DA:28,1
DA:29,1
DA:30,1
DA:31,1
DA:32,1
DA:33,1
DA:34,1
DA:35,1
DA:36,1
DA:37,1
DA:38,2
DA:39,2
DA:40,2
DA:41,2
DA:42,0
DA:43,2
DA:44,2
DA:45,2
DA:46,0
DA:47,0
DA:48,0
DA:49,0
DA:50,2
DA:51,2
DA:52,2
DA:53,2
DA:54,2
DA:55,2
DA:56,2
DA:57,2
DA:58,1
DA:59,1
DA:60,1
DA:61,1
DA:62,1
LF:62
LH:57
BRDA:13,0,0,1
BRDA:37,1,0,2
BRDA:41,2,0,0
BRDA:53,3,0,0
BRF:4
BRH:2
end_of_record
TN:
SF:src/main.tsx
FN:1,(empty-report)
FNF:1
FNH:0
FNDA:0,(empty-report)
DA:1,0
DA:2,0
DA:3,0
DA:4,0
DA:5,0
DA:6,0
DA:7,0
DA:8,0
DA:9,0
DA:10,0
DA:11,0
DA:12,0
DA:13,0
DA:14,0
DA:15,0
DA:16,0
DA:17,0
DA:18,0
LF:18
LH:0
BRDA:1,0,0,0
BRF:1
BRH:0
end_of_record
TN:
SF:src/__mocks__/nanoid.ts
FN:1,(empty-report)
FNF:1
FNH:0
FNDA:0,(empty-report)
DA:1,0
DA:2,0
DA:3,0
DA:4,0
DA:5,0
DA:6,0
LF:6
LH:0
BRDA:1,0,0,0
BRF:1
BRH:0
end_of_record
TN:
SF:src/components/CanvasSlide.tsx
FN:1,(empty-report)
FNF:1
FNH:0
FNDA:0,(empty-report)
DA:1,0
DA:2,0
DA:3,0
DA:4,0
DA:5,0
DA:6,0
DA:7,0
DA:8,0
DA:9,0
DA:10,0
DA:11,0
DA:12,0
DA:13,0
DA:14,0
DA:15,0
DA:16,0
DA:17,0
DA:18,0
DA:19,0
DA:20,0
DA:21,0
DA:22,0
DA:23,0
DA:24,0
DA:25,0
LF:25
LH:0
BRDA:1,0,0,0
BRF:1
BRH:0
end_of_record
TN:
SF:src/components/ConversationProvider.tsx
FN:37,ConversationProvider
FNF:1
FNH:1
FNDA:32,ConversationProvider
DA:1,1
DA:2,1
DA:3,1
DA:4,1
DA:5,1
DA:6,1
DA:7,1
DA:8,1
DA:9,1
DA:10,1
DA:11,1
DA:12,1
DA:13,1
DA:14,1
DA:15,1
DA:16,1
DA:17,1
DA:18,1
DA:19,1
DA:20,1
DA:21,1
DA:22,1
DA:23,1
DA:24,1
DA:25,1
DA:26,1
DA:27,1
DA:28,1
DA:29,1
DA:30,1
DA:31,1
DA:32,1
DA:33,1
DA:34,1
DA:35,1
DA:36,1
DA:37,1
DA:38,32
DA:39,32
DA:40,32
DA:41,32
DA:42,32
DA:43,32
DA:44,32
DA:45,32
DA:46,32
DA:47,32
DA:48,32
DA:49,32
DA:50,32
DA:51,32
DA:52,32
DA:53,32
DA:54,32
DA:55,32
DA:56,32
DA:57,32
DA:58,32
DA:59,32
DA:60,32
DA:61,32
DA:62,32
DA:63,32
DA:64,32
DA:65,32
DA:66,32
DA:67,32
DA:68,16
DA:69,16
DA:70,16
DA:71,1
DA:72,1
DA:73,1
DA:74,1
DA:75,1
DA:76,1
DA:77,1
DA:78,1
DA:79,1
DA:80,16
DA:81,0
DA:82,0
DA:83,32
DA:84,32
DA:85,32
DA:86,32
DA:87,31
DA:88,31
DA:89,31
DA:90,31
DA:91,31
DA:92,31
DA:93,31
DA:94,0
DA:95,0
DA:96,32
DA:97,32
DA:98,32
DA:99,32
DA:100,2
DA:101,32
DA:102,32
DA:103,32
DA:104,0
DA:105,32
DA:106,32
DA:107,32
DA:108,0
DA:109,32
DA:110,32
DA:111,32
DA:112,0
DA:113,0
DA:114,32
DA:115,32
DA:116,32
DA:117,0
DA:118,32
DA:119,32
DA:120,32
DA:121,0
DA:122,0
DA:123,0
DA:124,0
DA:125,0
DA:126,32
DA:127,32
DA:128,32
DA:129,32
DA:130,31
DA:131,31
DA:132,12
DA:133,12
DA:134,12
DA:135,12
DA:136,12
DA:137,12
DA:138,12
DA:139,31
DA:140,32
DA:141,32
DA:142,32
DA:143,30
DA:144,30
DA:145,0
DA:146,0
DA:147,0
DA:148,0
DA:149,30
DA:150,30
DA:151,30
DA:152,0
DA:153,0
DA:154,0
DA:155,0
DA:156,30
DA:157,30
DA:158,30
DA:159,30
DA:160,30
DA:161,30
DA:162,30
DA:163,30
DA:164,0
DA:165,0
DA:166,0
DA:167,0
DA:168,0
DA:169,0
DA:170,0
DA:171,0
DA:172,0
DA:173,30
DA:174,30
DA:175,30
DA:176,32
DA:177,32
DA:178,32
DA:179,1
DA:180,1
DA:181,1
DA:182,1
DA:183,1
DA:184,1
DA:185,1
DA:186,1
DA:187,1
DA:188,32
DA:189,32
DA:190,32
DA:191,1
DA:192,1
DA:193,1
DA:194,1
DA:195,1
DA:196,1
DA:197,32
DA:198,32
DA:199,32
DA:200,1
DA:201,1
DA:202,1
DA:203,1
DA:204,1
DA:205,1
DA:206,32
DA:207,32
DA:208,32
DA:209,3
DA:210,3
DA:211,3
DA:212,0
DA:213,0
DA:214,3
DA:215,3
DA:216,3
DA:217,32
DA:218,32
DA:219,32
DA:220,0
DA:221,32
DA:222,32
DA:223,32
DA:224,32
DA:225,5
DA:226,4
DA:227,4
DA:228,4
DA:229,4
DA:230,4
DA:231,4
DA:232,4
DA:233,4
DA:234,4
DA:235,4
DA:236,4
DA:237,3
DA:238,4
DA:239,4
DA:240,4
DA:241,4
DA:242,4
DA:243,4
DA:244,2
DA:245,2
DA:246,2
DA:247,2
DA:248,1
DA:249,1
DA:250,1
DA:251,1
DA:252,1
DA:253,2
DA:254,0
DA:255,0
DA:256,0
DA:257,2
DA:258,2
DA:259,4
DA:260,1
DA:261,1
DA:262,1
DA:263,4
DA:264,4
DA:265,4
DA:266,4
DA:267,4
DA:268,4
DA:269,5
DA:270,32
DA:271,32
DA:272,32
DA:273,32
DA:274,32
DA:275,32
DA:276,32
DA:277,32
DA:278,32
DA:279,32
DA:280,32
DA:281,32
DA:282,32
DA:283,32
DA:284,32
DA:285,32
DA:286,32
DA:287,32
DA:288,32
DA:289,32
DA:290,32
DA:291,32
DA:292,32
DA:293,32
DA:294,32
DA:295,32
DA:296,32
DA:297,32
DA:298,32
DA:299,32
DA:300,32
DA:301,32
DA:302,32
DA:303,32
DA:304,32
DA:305,32
DA:306,32
DA:307,32
DA:308,32
DA:309,32
DA:310,32
DA:311,32
DA:312,32
DA:313,32
DA:314,32
DA:315,32
DA:316,32
DA:317,32
DA:318,32
DA:319,32
DA:320,32
DA:321,32
DA:322,32
DA:323,32
DA:324,32
DA:325,32
DA:326,32
DA:327,32
DA:328,32
DA:329,32
DA:330,32
DA:331,32
DA:332,32
DA:333,32
DA:334,32
DA:335,32
DA:336,32
DA:337,32
DA:338,32
DA:339,32
DA:340,32
DA:341,32
DA:342,32
DA:343,32
DA:344,32
DA:345,32
DA:346,32
DA:347,32
DA:348,32
DA:349,32
DA:350,32
DA:351,32
DA:352,32
DA:353,32
DA:354,32
DA:355,32
DA:356,32
DA:357,32
DA:358,32
DA:359,32
DA:360,32
DA:361,32
DA:362,32
DA:363,32
DA:364,32
DA:365,32
DA:366,1
DA:367,1
LF:367
LH:330
BRDA:37,0,0,32
BRDA:67,1,0,16
BRDA:70,2,0,1
BRDA:80,3,0,0
BRDA:74,4,0,1
BRDA:86,5,0,31
BRDA:93,6,0,0
BRDA:99,7,0,2
BRDA:100,8,0,2
BRDA:129,9,0,31
BRDA:131,10,0,12
BRDA:142,11,0,30
BRDA:144,12,0,0
BRDA:151,13,0,0
BRDA:163,14,0,0
BRDA:174,15,0,30
BRDA:178,16,0,1
BRDA:182,17,0,1
BRDA:190,18,0,1
BRDA:194,19,0,1
BRDA:199,20,0,1
BRDA:204,21,0,5
BRDA:204,22,0,0
BRDA:208,23,0,3
BRDA:211,24,0,0
BRDA:224,25,0,5
BRDA:225,26,0,1
BRDA:225,27,0,4
BRDA:227,28,0,4
BRDA:236,29,0,3
BRDA:238,30,0,0
BRDA:243,31,0,2
BRDA:247,32,0,1
BRDA:253,33,0,0
BRDA:259,34,0,1
BRDA:263,35,0,0
BRDA:274,36,0,32
BRF:37
BRH:27
end_of_record
TN:
SF:src/components/ErrorBoundary.tsx
FN:1,(empty-report)
FNF:1
FNH:0
FNDA:0,(empty-report)
DA:1,0
DA:2,0
DA:3,0
DA:4,0
DA:5,0
DA:6,0
DA:7,0
DA:8,0
DA:9,0
DA:10,0
DA:11,0
DA:12,0
DA:13,0
DA:14,0
DA:15,0
DA:16,0
DA:17,0
DA:18,0
DA:19,0
DA:20,0
DA:21,0
DA:22,0
DA:23,0
DA:24,0
DA:25,0
DA:26,0
DA:27,0
DA:28,0
DA:29,0
LF:29
LH:0
BRDA:1,0,0,0
BRF:1
BRH:0
end_of_record
TN:
SF:src/components/LibraryPanel.tsx
FN:1,(empty-report)
FNF:1
FNH:0
FNDA:0,(empty-report)
DA:1,0
DA:2,0
DA:3,0
DA:4,0
DA:5,0
DA:6,0
DA:7,0
DA:8,0
DA:9,0
DA:10,0
DA:11,0
DA:12,0
DA:13,0
DA:14,0
DA:15,0
DA:16,0
DA:17,0
DA:18,0
DA:19,0
DA:20,0
DA:21,0
DA:22,0
DA:23,0
DA:24,0
DA:25,0
DA:26,0
DA:27,0
LF:27
LH:0
BRDA:1,0,0,0
BRF:1
BRH:0
end_of_record
TN:
SF:src/components/Chat/ChatPanel.tsx
FN:8,ChatPanel
FN:25,addShape
FN:42,handleSend
FN:99,onChange
FNF:4
FNH:3
FNDA:6,ChatPanel
FNDA:1,addShape
FNDA:2,handleSend
FNDA:0,onChange
DA:1,1
DA:2,1
DA:3,1
DA:4,1
DA:5,1
DA:6,1
DA:7,1
DA:8,1
DA:9,6
DA:10,6
DA:11,6
DA:12,6
DA:13,6
DA:14,6
DA:15,6
DA:16,6
DA:17,6
DA:18,6
DA:19,6
DA:20,6
DA:21,6
DA:22,6
DA:23,6
DA:24,6
DA:25,6
DA:26,1
DA:27,1
DA:28,1
DA:29,1
DA:30,1
DA:31,1
DA:32,1
DA:33,1
DA:34,1
DA:35,1
DA:36,1
DA:37,1
DA:38,1
DA:39,1
DA:40,6
DA:41,6
DA:42,6
DA:43,2
DA:44,2
DA:45,2
DA:46,2
DA:47,2
DA:48,2
DA:49,2
DA:50,2
DA:51,1
DA:52,1
DA:53,1
DA:54,1
DA:55,1
DA:56,2
DA:57,2
DA:58,2
DA:59,6
DA:60,6
DA:61,6
DA:62,6
DA:63,6
DA:64,6
DA:65,6
DA:66,6
DA:67,6
DA:68,6
DA:69,6
DA:70,6
DA:71,6
DA:72,6
DA:73,6
DA:74,6
DA:75,6
DA:76,6
DA:77,6
DA:78,6
DA:79,2
DA:80,2
DA:81,2
DA:82,2
DA:83,2
DA:84,6
DA:85,6
DA:86,6
DA:87,6
DA:88,6
DA:89,6
DA:90,6
DA:91,6
DA:92,6
DA:93,6
DA:94,6
DA:95,6
DA:96,6
DA:97,6
DA:98,6
DA:99,6
DA:100,6
DA:101,6
DA:102,6
DA:103,6
DA:104,6
DA:105,6
DA:106,6
DA:107,6
DA:108,6
DA:109,6
DA:110,6
DA:111,6
DA:112,6
DA:113,6
DA:114,6
LF:114
LH:114
BRDA:8,0,0,6
BRDA:85,1,0,1
BRDA:86,2,0,1
BRDA:104,3,0,5
BRDA:25,4,0,1
BRDA:42,5,0,2
BRDA:43,6,0,0
BRDA:46,7,0,0
BRDA:50,8,0,1
BRDA:50,9,0,1
BRDA:60,10,0,6
BRDA:78,11,0,2
BRDA:79,12,0,1
BRDA:79,13,0,1
BRDA:80,14,0,1
BRDA:80,15,0,1
BRF:16
BRH:14
end_of_record
TN:
SF:src/components/Chat/aiActions.ts
FNF:0
FNH:0
DA:1,1
DA:2,1
DA:3,1
DA:4,1
DA:5,1
DA:6,1
DA:7,1
DA:8,1
DA:9,1
DA:10,1
DA:11,1
DA:12,1
DA:13,1
DA:14,1
DA:15,1
DA:16,1
DA:17,1
DA:18,1
DA:19,1
DA:20,1
DA:21,1
DA:22,1
DA:23,1
DA:24,1
DA:25,1
DA:26,1
DA:27,1
DA:28,1
DA:29,1
DA:30,1
DA:31,1
DA:32,1
DA:33,1
DA:34,1
DA:35,1
DA:36,1
DA:37,1
DA:38,1
DA:39,1
DA:40,1
DA:41,1
DA:42,1
DA:43,1
DA:44,1
DA:45,1
DA:46,1
DA:47,1
DA:48,1
DA:49,1
DA:50,1
DA:51,1
DA:52,1
DA:53,1
LF:53
LH:53
BRF:0
BRH:0
end_of_record
TN:
SF:src/context/ConversationContext.ts
FNF:0
FNH:0
DA:1,1
DA:2,1
DA:3,1
DA:4,1
DA:5,1
DA:6,1
DA:7,1
DA:8,1
DA:9,1
DA:10,1
DA:11,1
DA:12,1
DA:13,1
DA:14,1
DA:15,1
DA:16,1
DA:17,1
DA:18,1
DA:19,1
DA:20,1
DA:21,1
DA:22,1
DA:23,1
DA:24,1
DA:25,1
DA:26,1
DA:27,1
DA:28,1
DA:29,1
DA:30,1
DA:31,1
DA:32,1
DA:33,1
DA:34,1
DA:35,1
DA:36,1
DA:37,1
DA:38,1
DA:39,1
DA:40,1
DA:41,1
DA:42,1
DA:43,1
DA:44,1
DA:45,1
DA:46,1
DA:47,1
DA:48,1
DA:49,1
DA:50,1
DA:51,1
DA:52,1
DA:53,1
DA:54,1
DA:55,1
DA:56,1
DA:57,1
DA:58,1
DA:59,1
DA:60,1
DA:61,1
DA:62,1
DA:63,1
DA:64,1
DA:65,1
DA:66,1
DA:67,1
DA:68,1
DA:69,1
DA:70,1
DA:71,1
DA:72,1
DA:73,1
DA:74,1
DA:75,1
LF:75
LH:75
BRF:0
BRH:0
end_of_record
TN:
SF:src/hooks/useConversationContext.ts
FN:16,useConversationContext
FNF:1
FNH:1
FNDA:37,useConversationContext
DA:1,1
DA:2,1
DA:3,1
DA:4,1
DA:5,1
DA:6,1
DA:7,1
DA:8,1
DA:9,1
DA:10,1
DA:11,1
DA:12,1
DA:13,1
DA:14,1
DA:15,1
DA:16,1
DA:17,37
DA:18,37
DA:19,0
DA:20,0
DA:21,37
DA:22,37
LF:22
LH:20
BRDA:16,0,0,37
BRDA:18,1,0,0
BRF:2
BRH:1
end_of_record
TN:
SF:src/lib/openaiClient.ts
FN:1,(empty-report)
FNF:1
FNH:0
FNDA:0,(empty-report)
DA:1,0
DA:2,0
DA:3,0
DA:4,0
DA:5,0
DA:6,0
DA:7,0
DA:8,0
DA:9,0
DA:10,0
DA:11,0
DA:12,0
DA:13,0
DA:14,0
DA:15,0
DA:16,0
LF:16
LH:0
BRDA:1,0,0,0
BRF:1
BRH:0
end_of_record
TN:
SF:src/lib/theme.ts
FN:1,(empty-report)
FNF:1
FNH:0
FNDA:0,(empty-report)
DA:1,0
DA:2,0
DA:3,0
DA:4,0
DA:5,0
DA:6,0
DA:7,0
DA:8,0
DA:9,0
DA:10,0
DA:11,0
DA:12,0
DA:13,0
DA:14,0
DA:15,0
DA:16,0
DA:17,0
DA:18,0
DA:19,0
DA:20,0
DA:21,0
DA:22,0
DA:23,0
DA:24,0
DA:25,0
DA:26,0
DA:27,0
DA:28,0
DA:29,0
DA:30,0
DA:31,0
DA:32,0
DA:33,0
DA:34,0
DA:35,0
DA:36,0
DA:37,0
DA:38,0
DA:39,0
LF:39
LH:0
BRDA:1,0,0,0
BRF:1
BRH:0
end_of_record
TN:
SF:src/lib/tldrawHelpers.ts
FN:7,createSketchShape
FNF:1
FNH:1
FNDA:4,createSketchShape
DA:1,1
DA:2,1
DA:3,1
DA:4,1
DA:5,1
DA:6,1
DA:7,1
DA:8,4
DA:9,4
DA:10,4
DA:11,4
DA:12,4
DA:13,4
DA:14,4
DA:15,4
DA:16,4
DA:17,4
DA:18,4
DA:19,4
DA:20,4
DA:21,4
DA:22,3
DA:23,3
DA:24,3
DA:25,3
DA:26,3
DA:27,3
DA:28,3
DA:29,3
DA:30,4
DA:31,0
DA:32,0
DA:33,0
DA:34,0
DA:35,0
DA:36,0
DA:37,0
DA:38,0
DA:39,0
DA:40,0
DA:41,0
DA:42,0
DA:43,0
DA:44,0
DA:45,0
DA:46,0
DA:47,0
DA:48,0
DA:49,0
DA:50,0
DA:51,0
DA:52,4
DA:53,0
DA:54,0
DA:55,0
DA:56,3
DA:57,4
DA:58,4
DA:59,4
DA:60,4
DA:61,4
DA:62,4
DA:63,4
DA:64,4
DA:65,4
DA:66,4
DA:67,4
DA:68,4
DA:69,4
DA:70,4
DA:71,4
DA:72,4
DA:73,4
DA:74,4
DA:75,4
DA:76,4
DA:77,4
DA:78,3
DA:79,3
DA:80,3
DA:81,3
DA:82,3
DA:83,1
DA:84,1
DA:85,1
DA:86,1
DA:87,1
DA:88,1
DA:89,1
DA:90,1
DA:91,1
DA:92,1
DA:93,1
DA:94,1
DA:95,1
DA:96,1
DA:97,1
DA:98,1
DA:99,1
DA:100,1
DA:101,1
DA:102,3
DA:103,3
DA:104,4
DA:105,4
LF:105
LH:81
BRDA:7,0,0,4
BRDA:21,1,0,1
BRDA:21,2,0,3
BRDA:30,3,0,0
BRDA:52,4,0,3
BRDA:52,5,0,0
BRDA:52,6,0,0
BRDA:57,7,0,2
BRDA:58,8,0,2
BRDA:71,9,0,3
BRDA:72,10,0,2
BRDA:77,11,0,3
BRDA:82,12,0,1
BRF:13
BRH:10
end_of_record
TN:
SF:src/lib/__mocks__/openaiClient.ts
FNF:0
FNH:0
DA:1,1
DA:2,1
DA:3,1
DA:4,1
DA:5,1
DA:6,1
DA:7,1
DA:8,1
DA:9,1
DA:10,1
DA:11,1
DA:12,1
DA:13,1
DA:14,1
DA:15,1
LF:15
LH:15
BRF:0
BRH:0
end_of_record
TN:
SF:src/lib/shapeLibraries/basic.ts
FN:1,(empty-report)
FNF:1
FNH:0
FNDA:0,(empty-report)
DA:1,0
DA:2,0
DA:3,0
DA:4,0
DA:5,0
DA:6,0
DA:7,0
DA:8,0
DA:9,0
DA:10,0
DA:11,0
DA:12,0
DA:13,0
DA:14,0
DA:15,0
DA:16,0
DA:17,0
DA:18,0
DA:19,0
DA:20,0
DA:21,0
DA:22,0
DA:23,0
DA:24,0
DA:25,0
DA:26,0
DA:27,0
DA:28,0
DA:29,0
DA:30,0
DA:31,0
DA:32,0
DA:33,0
DA:34,0
DA:35,0
DA:36,0
DA:37,0
DA:38,0
LF:38
LH:0
BRDA:1,0,0,0
BRF:1
BRH:0
end_of_record
TN:
SF:src/lib/utils/logging.ts
FN:5,info
FN:9,warn
FN:13,error
FN:17,debug
FNF:4
FNH:3
FNDA:7,info
FNDA:1,warn
FNDA:0,error
FNDA:2,debug
DA:1,1
DA:2,1
DA:3,1
DA:4,1
DA:5,1
DA:6,7
DA:7,7
DA:8,1
DA:9,1
DA:10,1
DA:11,1
DA:12,1
DA:13,1
DA:14,0
DA:15,0
DA:16,1
DA:17,1
DA:18,2
DA:19,0
DA:20,0
DA:21,2
DA:22,1
LF:22
LH:18
BRDA:5,0,0,7
BRDA:6,1,0,0
BRDA:9,2,0,1
BRDA:17,3,0,2
BRDA:18,4,0,0
BRF:5
BRH:3
end_of_record
TN:
SF:src/state/slidesStore.ts
FN:39,__vite_ssr_import_0__.create.__vite_ssr_import_1__.persist.name
FN:45,addFrameSlide
FN:92,deleteSlide
FN:131,setCurrentSlide
FN:159,reorderSlides
FN:184,reset
FNF:6
FNH:6
FNDA:1,__vite_ssr_import_0__.create.__vite_ssr_import_1__.persist.name
FNDA:5,addFrameSlide
FNDA:2,deleteSlide
FNDA:1,setCurrentSlide
FNDA:1,reorderSlides
FNDA:5,reset
DA:1,1
DA:2,1
DA:3,1
DA:4,1
DA:5,1
DA:6,1
DA:7,1
DA:8,1
DA:9,1
DA:10,1
DA:11,1
DA:12,1
DA:13,1
DA:14,1
DA:15,1
DA:16,1
DA:17,1
DA:18,1
DA:19,1
DA:20,1
DA:21,1
DA:22,1
DA:23,1
DA:24,1
DA:25,1
DA:26,1
DA:27,1
DA:28,1
DA:29,1
DA:30,1
DA:31,1
DA:32,1
DA:33,1
DA:34,1
DA:35,1
DA:36,1
DA:37,1
DA:38,1
DA:39,1
DA:40,1
DA:41,1
DA:42,1
DA:43,1
DA:44,1
DA:45,1
DA:46,5
DA:47,5
DA:48,5
DA:49,5
DA:50,5
DA:51,5
DA:52,5
DA:53,5
DA:54,5
DA:55,5
DA:56,5
DA:57,5
DA:58,5
DA:59,5
DA:60,5
DA:61,5
DA:62,5
DA:63,5
DA:64,5
DA:65,5
DA:66,5
DA:67,5
DA:68,5
DA:69,5
DA:70,5
DA:71,5
DA:72,5
DA:73,5
DA:74,5
DA:75,5
DA:76,5
DA:77,5
DA:78,5
DA:79,3
DA:80,3
DA:81,3
DA:82,3
DA:83,3
DA:84,3
DA:85,3
DA:86,5
DA:87,5
DA:88,1
DA:89,1
DA:90,1
DA:91,1
DA:92,1
DA:93,2
DA:94,2
DA:95,1
DA:96,1
DA:97,1
DA:98,1
DA:99,1
DA:100,2
DA:101,0
DA:102,0
DA:103,0
DA:104,1
DA:105,1
DA:106,1
DA:107,1
DA:108,1
DA:109,1
DA:110,1
DA:111,1
DA:112,1
DA:113,1
DA:114,1
DA:115,1
DA:116,1
DA:117,1
DA:118,1
DA:119,1
DA:120,1
DA:121,1
DA:122,1
DA:123,1
DA:124,1
DA:125,1
DA:126,2
DA:127,1
DA:128,1
DA:129,1
DA:130,1
DA:131,1
DA:132,1
DA:133,0
DA:134,0
DA:135,0
DA:136,1
DA:137,1
DA:138,1
DA:139,0
DA:140,0
DA:141,0
DA:142,1
DA:143,1
DA:144,1
DA:145,1
DA:146,1
DA:147,1
DA:148,1
DA:149,1
DA:150,1
DA:151,1
DA:152,1
DA:153,1
DA:154,1
DA:155,1
DA:156,1
DA:157,1
DA:158,1
DA:159,1
DA:160,1
DA:161,1
DA:162,1
DA:163,1
DA:164,1
DA:165,1
DA:166,1
DA:167,1
DA:168,1
DA:169,1
DA:170,0
DA:171,0
DA:172,0
DA:173,1
DA:174,1
DA:175,1
DA:176,1
DA:177,1
DA:178,1
DA:179,1
DA:180,1
DA:181,1
DA:182,1
DA:183,1
DA:184,1
DA:185,1
DA:186,1
DA:187,1
DA:188,1
LF:188
LH:176
BRDA:39,0,0,1
BRDA:45,1,0,5
BRDA:46,2,0,0
BRDA:72,3,0,5
BRDA:78,4,0,3
BRDA:92,5,0,2
BRDA:93,6,0,0
BRDA:94,7,0,1
BRDA:100,8,0,0
BRDA:103,9,0,1
BRDA:99,10,0,2
BRDA:110,11,0,1
BRDA:111,12,0,2
BRDA:116,13,0,2
BRDA:131,14,0,1
BRDA:132,15,0,0
BRDA:138,16,0,0
BRDA:137,17,0,2
BRDA:159,18,0,1
BRDA:160,19,0,0
BRDA:164,20,0,1
BRDA:169,21,0,0
BRDA:166,22,0,1
BRDA:167,23,0,3
BRDA:184,24,0,5
BRF:25
BRH:18
end_of_record
